* installing *source* package ‘ClassicHCAS’ ...
** this is package ‘ClassicHCAS’ version ‘1.1.0’
** using staged installation
** libs
using C++ compiler: ‘Homebrew clang version 21.1.8’
using C++17
using SDK: ‘MacOSX26.2.sdk’
clang++ -arch arm64 -std=gnu++17 -I"/Library/Frameworks/R.framework/Resources/include" -DNDEBUG -I/opt/homebrew/opt/libomp/include -I'/Library/Frameworks/R.framework/Versions/4.5-arm64/Resources/library/Rcpp/include' -I'/Library/Frameworks/R.framework/Versions/4.5-arm64/Resources/library/RcppEigen/include' -I/opt/R/arm64/include   -Xclang -fopenmp -fPIC  -falign-functions=64 -Wall -g -O2   -c Benchmark.cpp -o Benchmark.o
In file included from Benchmark.cpp:4:
In file included from /Library/Frameworks/R.framework/Versions/4.5-arm64/Resources/library/Rcpp/include/Rcpp.h:27:
In file included from /Library/Frameworks/R.framework/Versions/4.5-arm64/Resources/library/Rcpp/include/RcppCommon.h:30:
In file included from /Library/Frameworks/R.framework/Versions/4.5-arm64/Resources/library/Rcpp/include/Rcpp/r/headers.h:70:
In file included from /Library/Frameworks/R.framework/Resources/include/R.h:70:
/Library/Frameworks/R.framework/Resources/include/R_ext/Boolean.h:62:36: warning: unknown warning group '-Wfixed-enum-extension', ignored [-Wunknown-warning-option]
   62 | #  pragma clang diagnostic ignored "-Wfixed-enum-extension"
      |                                    ^
In file included from Benchmark.cpp:5:
In file included from /Library/Frameworks/R.framework/Versions/4.5-arm64/Resources/library/RcppEigen/include/RcppEigen.h:25:
In file included from /Library/Frameworks/R.framework/Versions/4.5-arm64/Resources/library/RcppEigen/include/RcppEigenForward.h:29:
In file included from /Library/Frameworks/R.framework/Versions/4.5-arm64/Resources/library/RcppEigen/include/Eigen/Sparse:26:
In file included from /Library/Frameworks/R.framework/Versions/4.5-arm64/Resources/library/RcppEigen/include/Eigen/SparseCore:61:
/Library/Frameworks/R.framework/Versions/4.5-arm64/Resources/library/RcppEigen/include/Eigen/src/SparseCore/TriangularSolver.h:273:13: warning: variable 'count' set but not used [-Wunused-but-set-variable]
  273 |       Index count = 0;
      |             ^
In file included from Benchmark.cpp:5:
In file included from /Library/Frameworks/R.framework/Versions/4.5-arm64/Resources/library/RcppEigen/include/RcppEigen.h:25:
In file included from /Library/Frameworks/R.framework/Versions/4.5-arm64/Resources/library/RcppEigen/include/RcppEigenForward.h:29:
In file included from /Library/Frameworks/R.framework/Versions/4.5-arm64/Resources/library/RcppEigen/include/Eigen/Sparse:29:
In file included from /Library/Frameworks/R.framework/Versions/4.5-arm64/Resources/library/RcppEigen/include/Eigen/SparseLU:35:
/Library/Frameworks/R.framework/Versions/4.5-arm64/Resources/library/RcppEigen/include/Eigen/src/SparseLU/SparseLU_heap_relax_snode.h:78:9: warning: variable 'nsuper_et_post' set but not used [-Wunused-but-set-variable]
   78 |   Index nsuper_et_post = 0; // Number of relaxed snodes in postordered etree 
      |         ^
/Library/Frameworks/R.framework/Versions/4.5-arm64/Resources/library/RcppEigen/include/Eigen/src/SparseLU/SparseLU_heap_relax_snode.h:79:9: warning: variable 'nsuper_et' set but not used [-Wunused-but-set-variable]
   79 |   Index nsuper_et = 0; // Number of relaxed snodes in the original etree 
      |         ^
In file included from Benchmark.cpp:5:
In file included from /Library/Frameworks/R.framework/Versions/4.5-arm64/Resources/library/RcppEigen/include/RcppEigen.h:25:
In file included from /Library/Frameworks/R.framework/Versions/4.5-arm64/Resources/library/RcppEigen/include/RcppEigenForward.h:31:
In file included from /Library/Frameworks/R.framework/Versions/4.5-arm64/Resources/library/RcppEigen/include/unsupported/Eigen/IterativeSolvers:46:
/Library/Frameworks/R.framework/Versions/4.5-arm64/Resources/library/RcppEigen/include/unsupported/Eigen/src/IterativeSolvers/IDRS.h:72:10: warning: variable 'replacements' set but not used [-Wunused-but-set-variable]
   72 |                         Index replacements = 0;
      |                               ^
In file included from Benchmark.cpp:5:
In file included from /Library/Frameworks/R.framework/Versions/4.5-arm64/Resources/library/RcppEigen/include/RcppEigen.h:25:
In file included from /Library/Frameworks/R.framework/Versions/4.5-arm64/Resources/library/RcppEigen/include/RcppEigenForward.h:37:
In file included from /Library/Frameworks/R.framework/Versions/4.5-arm64/Resources/library/RcppEigen/include/unsupported/Eigen/SparseExtra:45:
/Library/Frameworks/R.framework/Versions/4.5-arm64/Resources/library/RcppEigen/include/unsupported/Eigen/src/SparseExtra/MarketIO.h:246:7: warning: variable 'count' set but not used [-Wunused-but-set-variable]
  246 |   int count = 0;
      |       ^
6 warnings generated.
clang++ -arch arm64 -std=gnu++17 -I"/Library/Frameworks/R.framework/Resources/include" -DNDEBUG -I/opt/homebrew/opt/libomp/include -I'/Library/Frameworks/R.framework/Versions/4.5-arm64/Resources/library/Rcpp/include' -I'/Library/Frameworks/R.framework/Versions/4.5-arm64/Resources/library/RcppEigen/include' -I/opt/R/arm64/include   -Xclang -fopenmp -fPIC  -falign-functions=64 -Wall -g -O2   -c Normalise.cpp -o Normalise.o
In file included from Normalise.cpp:1:
In file included from /Library/Frameworks/R.framework/Versions/4.5-arm64/Resources/library/Rcpp/include/Rcpp.h:27:
In file included from /Library/Frameworks/R.framework/Versions/4.5-arm64/Resources/library/Rcpp/include/RcppCommon.h:30:
In file included from /Library/Frameworks/R.framework/Versions/4.5-arm64/Resources/library/Rcpp/include/Rcpp/r/headers.h:70:
In file included from /Library/Frameworks/R.framework/Resources/include/R.h:70:
/Library/Frameworks/R.framework/Resources/include/R_ext/Boolean.h:62:36: warning: unknown warning group '-Wfixed-enum-extension', ignored [-Wunknown-warning-option]
   62 | #  pragma clang diagnostic ignored "-Wfixed-enum-extension"
      |                                    ^
1 warning generated.
clang++ -arch arm64 -std=gnu++17 -I"/Library/Frameworks/R.framework/Resources/include" -DNDEBUG -I/opt/homebrew/opt/libomp/include -I'/Library/Frameworks/R.framework/Versions/4.5-arm64/Resources/library/Rcpp/include' -I'/Library/Frameworks/R.framework/Versions/4.5-arm64/Resources/library/RcppEigen/include' -I/opt/R/arm64/include   -Xclang -fopenmp -fPIC  -falign-functions=64 -Wall -g -O2   -c Radial.cpp -o Radial.o
In file included from Radial.cpp:3:
In file included from /Library/Frameworks/R.framework/Versions/4.5-arm64/Resources/library/Rcpp/include/Rcpp.h:27:
In file included from /Library/Frameworks/R.framework/Versions/4.5-arm64/Resources/library/Rcpp/include/RcppCommon.h:30:
In file included from /Library/Frameworks/R.framework/Versions/4.5-arm64/Resources/library/Rcpp/include/Rcpp/r/headers.h:70:
In file included from /Library/Frameworks/R.framework/Resources/include/R.h:70:
/Library/Frameworks/R.framework/Resources/include/R_ext/Boolean.h:62:36: warning: unknown warning group '-Wfixed-enum-extension', ignored [-Wunknown-warning-option]
   62 | #  pragma clang diagnostic ignored "-Wfixed-enum-extension"
      |                                    ^
In file included from Radial.cpp:4:
In file included from /Library/Frameworks/R.framework/Versions/4.5-arm64/Resources/library/RcppEigen/include/RcppEigen.h:25:
In file included from /Library/Frameworks/R.framework/Versions/4.5-arm64/Resources/library/RcppEigen/include/RcppEigenForward.h:29:
In file included from /Library/Frameworks/R.framework/Versions/4.5-arm64/Resources/library/RcppEigen/include/Eigen/Sparse:26:
In file included from /Library/Frameworks/R.framework/Versions/4.5-arm64/Resources/library/RcppEigen/include/Eigen/SparseCore:61:
/Library/Frameworks/R.framework/Versions/4.5-arm64/Resources/library/RcppEigen/include/Eigen/src/SparseCore/TriangularSolver.h:273:13: warning: variable 'count' set but not used [-Wunused-but-set-variable]
  273 |       Index count = 0;
      |             ^
In file included from Radial.cpp:4:
In file included from /Library/Frameworks/R.framework/Versions/4.5-arm64/Resources/library/RcppEigen/include/RcppEigen.h:25:
In file included from /Library/Frameworks/R.framework/Versions/4.5-arm64/Resources/library/RcppEigen/include/RcppEigenForward.h:29:
In file included from /Library/Frameworks/R.framework/Versions/4.5-arm64/Resources/library/RcppEigen/include/Eigen/Sparse:29:
In file included from /Library/Frameworks/R.framework/Versions/4.5-arm64/Resources/library/RcppEigen/include/Eigen/SparseLU:35:
/Library/Frameworks/R.framework/Versions/4.5-arm64/Resources/library/RcppEigen/include/Eigen/src/SparseLU/SparseLU_heap_relax_snode.h:78:9: warning: variable 'nsuper_et_post' set but not used [-Wunused-but-set-variable]
   78 |   Index nsuper_et_post = 0; // Number of relaxed snodes in postordered etree 
      |         ^
/Library/Frameworks/R.framework/Versions/4.5-arm64/Resources/library/RcppEigen/include/Eigen/src/SparseLU/SparseLU_heap_relax_snode.h:79:9: warning: variable 'nsuper_et' set but not used [-Wunused-but-set-variable]
   79 |   Index nsuper_et = 0; // Number of relaxed snodes in the original etree 
      |         ^
In file included from Radial.cpp:4:
In file included from /Library/Frameworks/R.framework/Versions/4.5-arm64/Resources/library/RcppEigen/include/RcppEigen.h:25:
In file included from /Library/Frameworks/R.framework/Versions/4.5-arm64/Resources/library/RcppEigen/include/RcppEigenForward.h:31:
In file included from /Library/Frameworks/R.framework/Versions/4.5-arm64/Resources/library/RcppEigen/include/unsupported/Eigen/IterativeSolvers:46:
/Library/Frameworks/R.framework/Versions/4.5-arm64/Resources/library/RcppEigen/include/unsupported/Eigen/src/IterativeSolvers/IDRS.h:72:10: warning: variable 'replacements' set but not used [-Wunused-but-set-variable]
   72 |                         Index replacements = 0;
      |                               ^
In file included from Radial.cpp:4:
In file included from /Library/Frameworks/R.framework/Versions/4.5-arm64/Resources/library/RcppEigen/include/RcppEigen.h:25:
In file included from /Library/Frameworks/R.framework/Versions/4.5-arm64/Resources/library/RcppEigen/include/RcppEigenForward.h:37:
In file included from /Library/Frameworks/R.framework/Versions/4.5-arm64/Resources/library/RcppEigen/include/unsupported/Eigen/SparseExtra:45:
/Library/Frameworks/R.framework/Versions/4.5-arm64/Resources/library/RcppEigen/include/unsupported/Eigen/src/SparseExtra/MarketIO.h:246:7: warning: variable 'count' set but not used [-Wunused-but-set-variable]
  246 |   int count = 0;
      |       ^
6 warnings generated.
clang++ -arch arm64 -std=gnu++17 -I"/Library/Frameworks/R.framework/Resources/include" -DNDEBUG -I/opt/homebrew/opt/libomp/include -I'/Library/Frameworks/R.framework/Versions/4.5-arm64/Resources/library/Rcpp/include' -I'/Library/Frameworks/R.framework/Versions/4.5-arm64/Resources/library/RcppEigen/include' -I/opt/R/arm64/include   -Xclang -fopenmp -fPIC  -falign-functions=64 -Wall -g -O2   -c RcppExports.cpp -o RcppExports.o
In file included from RcppExports.cpp:4:
In file included from /Library/Frameworks/R.framework/Versions/4.5-arm64/Resources/library/RcppEigen/include/RcppEigen.h:25:
In file included from /Library/Frameworks/R.framework/Versions/4.5-arm64/Resources/library/RcppEigen/include/RcppEigenForward.h:26:
In file included from /Library/Frameworks/R.framework/Versions/4.5-arm64/Resources/library/Rcpp/include/RcppCommon.h:30:
In file included from /Library/Frameworks/R.framework/Versions/4.5-arm64/Resources/library/Rcpp/include/Rcpp/r/headers.h:70:
In file included from /Library/Frameworks/R.framework/Resources/include/R.h:70:
/Library/Frameworks/R.framework/Resources/include/R_ext/Boolean.h:62:36: warning: unknown warning group '-Wfixed-enum-extension', ignored [-Wunknown-warning-option]
   62 | #  pragma clang diagnostic ignored "-Wfixed-enum-extension"
      |                                    ^
In file included from RcppExports.cpp:4:
In file included from /Library/Frameworks/R.framework/Versions/4.5-arm64/Resources/library/RcppEigen/include/RcppEigen.h:25:
In file included from /Library/Frameworks/R.framework/Versions/4.5-arm64/Resources/library/RcppEigen/include/RcppEigenForward.h:29:
In file included from /Library/Frameworks/R.framework/Versions/4.5-arm64/Resources/library/RcppEigen/include/Eigen/Sparse:26:
In file included from /Library/Frameworks/R.framework/Versions/4.5-arm64/Resources/library/RcppEigen/include/Eigen/SparseCore:61:
/Library/Frameworks/R.framework/Versions/4.5-arm64/Resources/library/RcppEigen/include/Eigen/src/SparseCore/TriangularSolver.h:273:13: warning: variable 'count' set but not used [-Wunused-but-set-variable]
  273 |       Index count = 0;
      |             ^
In file included from RcppExports.cpp:4:
In file included from /Library/Frameworks/R.framework/Versions/4.5-arm64/Resources/library/RcppEigen/include/RcppEigen.h:25:
In file included from /Library/Frameworks/R.framework/Versions/4.5-arm64/Resources/library/RcppEigen/include/RcppEigenForward.h:29:
In file included from /Library/Frameworks/R.framework/Versions/4.5-arm64/Resources/library/RcppEigen/include/Eigen/Sparse:29:
In file included from /Library/Frameworks/R.framework/Versions/4.5-arm64/Resources/library/RcppEigen/include/Eigen/SparseLU:35:
/Library/Frameworks/R.framework/Versions/4.5-arm64/Resources/library/RcppEigen/include/Eigen/src/SparseLU/SparseLU_heap_relax_snode.h:78:9: warning: variable 'nsuper_et_post' set but not used [-Wunused-but-set-variable]
   78 |   Index nsuper_et_post = 0; // Number of relaxed snodes in postordered etree 
      |         ^
/Library/Frameworks/R.framework/Versions/4.5-arm64/Resources/library/RcppEigen/include/Eigen/src/SparseLU/SparseLU_heap_relax_snode.h:79:9: warning: variable 'nsuper_et' set but not used [-Wunused-but-set-variable]
   79 |   Index nsuper_et = 0; // Number of relaxed snodes in the original etree 
      |         ^
In file included from RcppExports.cpp:4:
In file included from /Library/Frameworks/R.framework/Versions/4.5-arm64/Resources/library/RcppEigen/include/RcppEigen.h:25:
In file included from /Library/Frameworks/R.framework/Versions/4.5-arm64/Resources/library/RcppEigen/include/RcppEigenForward.h:31:
In file included from /Library/Frameworks/R.framework/Versions/4.5-arm64/Resources/library/RcppEigen/include/unsupported/Eigen/IterativeSolvers:46:
/Library/Frameworks/R.framework/Versions/4.5-arm64/Resources/library/RcppEigen/include/unsupported/Eigen/src/IterativeSolvers/IDRS.h:72:10: warning: variable 'replacements' set but not used [-Wunused-but-set-variable]
   72 |                         Index replacements = 0;
      |                               ^
In file included from RcppExports.cpp:4:
In file included from /Library/Frameworks/R.framework/Versions/4.5-arm64/Resources/library/RcppEigen/include/RcppEigen.h:25:
In file included from /Library/Frameworks/R.framework/Versions/4.5-arm64/Resources/library/RcppEigen/include/RcppEigenForward.h:37:
In file included from /Library/Frameworks/R.framework/Versions/4.5-arm64/Resources/library/RcppEigen/include/unsupported/Eigen/SparseExtra:45:
/Library/Frameworks/R.framework/Versions/4.5-arm64/Resources/library/RcppEigen/include/unsupported/Eigen/src/SparseExtra/MarketIO.h:246:7: warning: variable 'count' set but not used [-Wunused-but-set-variable]
  246 |   int count = 0;
      |       ^
6 warnings generated.
clang++ -arch arm64 -std=gnu++17 -I"/Library/Frameworks/R.framework/Resources/include" -DNDEBUG -I/opt/homebrew/opt/libomp/include -I'/Library/Frameworks/R.framework/Versions/4.5-arm64/Resources/library/Rcpp/include' -I'/Library/Frameworks/R.framework/Versions/4.5-arm64/Resources/library/RcppEigen/include' -I/opt/R/arm64/include   -Xclang -fopenmp -fPIC  -falign-functions=64 -Wall -g -O2   -c Reference.cpp -o Reference.o
In file included from Reference.cpp:3:
In file included from /Library/Frameworks/R.framework/Versions/4.5-arm64/Resources/library/Rcpp/include/Rcpp.h:27:
In file included from /Library/Frameworks/R.framework/Versions/4.5-arm64/Resources/library/Rcpp/include/RcppCommon.h:30:
In file included from /Library/Frameworks/R.framework/Versions/4.5-arm64/Resources/library/Rcpp/include/Rcpp/r/headers.h:70:
In file included from /Library/Frameworks/R.framework/Resources/include/R.h:70:
/Library/Frameworks/R.framework/Resources/include/R_ext/Boolean.h:62:36: warning: unknown warning group '-Wfixed-enum-extension', ignored [-Wunknown-warning-option]
   62 | #  pragma clang diagnostic ignored "-Wfixed-enum-extension"
      |                                    ^
In file included from Reference.cpp:8:
In file included from ./Matrix.h:6:
In file included from /Library/Frameworks/R.framework/Versions/4.5-arm64/Resources/library/RcppEigen/include/RcppEigen.h:25:
In file included from /Library/Frameworks/R.framework/Versions/4.5-arm64/Resources/library/RcppEigen/include/RcppEigenForward.h:29:
In file included from /Library/Frameworks/R.framework/Versions/4.5-arm64/Resources/library/RcppEigen/include/Eigen/Sparse:26:
In file included from /Library/Frameworks/R.framework/Versions/4.5-arm64/Resources/library/RcppEigen/include/Eigen/SparseCore:61:
/Library/Frameworks/R.framework/Versions/4.5-arm64/Resources/library/RcppEigen/include/Eigen/src/SparseCore/TriangularSolver.h:273:13: warning: variable 'count' set but not used [-Wunused-but-set-variable]
  273 |       Index count = 0;
      |             ^
In file included from Reference.cpp:8:
In file included from ./Matrix.h:6:
In file included from /Library/Frameworks/R.framework/Versions/4.5-arm64/Resources/library/RcppEigen/include/RcppEigen.h:25:
In file included from /Library/Frameworks/R.framework/Versions/4.5-arm64/Resources/library/RcppEigen/include/RcppEigenForward.h:29:
In file included from /Library/Frameworks/R.framework/Versions/4.5-arm64/Resources/library/RcppEigen/include/Eigen/Sparse:29:
In file included from /Library/Frameworks/R.framework/Versions/4.5-arm64/Resources/library/RcppEigen/include/Eigen/SparseLU:35:
/Library/Frameworks/R.framework/Versions/4.5-arm64/Resources/library/RcppEigen/include/Eigen/src/SparseLU/SparseLU_heap_relax_snode.h:78:9: warning: variable 'nsuper_et_post' set but not used [-Wunused-but-set-variable]
   78 |   Index nsuper_et_post = 0; // Number of relaxed snodes in postordered etree 
      |         ^
/Library/Frameworks/R.framework/Versions/4.5-arm64/Resources/library/RcppEigen/include/Eigen/src/SparseLU/SparseLU_heap_relax_snode.h:79:9: warning: variable 'nsuper_et' set but not used [-Wunused-but-set-variable]
   79 |   Index nsuper_et = 0; // Number of relaxed snodes in the original etree 
      |         ^
In file included from Reference.cpp:8:
In file included from ./Matrix.h:6:
In file included from /Library/Frameworks/R.framework/Versions/4.5-arm64/Resources/library/RcppEigen/include/RcppEigen.h:25:
In file included from /Library/Frameworks/R.framework/Versions/4.5-arm64/Resources/library/RcppEigen/include/RcppEigenForward.h:31:
In file included from /Library/Frameworks/R.framework/Versions/4.5-arm64/Resources/library/RcppEigen/include/unsupported/Eigen/IterativeSolvers:46:
/Library/Frameworks/R.framework/Versions/4.5-arm64/Resources/library/RcppEigen/include/unsupported/Eigen/src/IterativeSolvers/IDRS.h:72:10: warning: variable 'replacements' set but not used [-Wunused-but-set-variable]
   72 |                         Index replacements = 0;
      |                               ^
In file included from Reference.cpp:8:
In file included from ./Matrix.h:6:
In file included from /Library/Frameworks/R.framework/Versions/4.5-arm64/Resources/library/RcppEigen/include/RcppEigen.h:25:
In file included from /Library/Frameworks/R.framework/Versions/4.5-arm64/Resources/library/RcppEigen/include/RcppEigenForward.h:37:
In file included from /Library/Frameworks/R.framework/Versions/4.5-arm64/Resources/library/RcppEigen/include/unsupported/Eigen/SparseExtra:45:
/Library/Frameworks/R.framework/Versions/4.5-arm64/Resources/library/RcppEigen/include/unsupported/Eigen/src/SparseExtra/MarketIO.h:246:7: warning: variable 'count' set but not used [-Wunused-but-set-variable]
  246 |   int count = 0;
      |       ^
6 warnings generated.
clang++ -arch arm64 -std=gnu++17 -I"/Library/Frameworks/R.framework/Resources/include" -DNDEBUG -I/opt/homebrew/opt/libomp/include -I'/Library/Frameworks/R.framework/Versions/4.5-arm64/Resources/library/Rcpp/include' -I'/Library/Frameworks/R.framework/Versions/4.5-arm64/Resources/library/RcppEigen/include' -I/opt/R/arm64/include   -Xclang -fopenmp -fPIC  -falign-functions=64 -Wall -g -O2   -c Tiling.cpp -o Tiling.o
In file included from Tiling.cpp:2:
In file included from /Library/Frameworks/R.framework/Versions/4.5-arm64/Resources/library/Rcpp/include/Rcpp.h:27:
In file included from /Library/Frameworks/R.framework/Versions/4.5-arm64/Resources/library/Rcpp/include/RcppCommon.h:30:
In file included from /Library/Frameworks/R.framework/Versions/4.5-arm64/Resources/library/Rcpp/include/Rcpp/r/headers.h:70:
In file included from /Library/Frameworks/R.framework/Resources/include/R.h:70:
/Library/Frameworks/R.framework/Resources/include/R_ext/Boolean.h:62:36: warning: unknown warning group '-Wfixed-enum-extension', ignored [-Wunknown-warning-option]
   62 | #  pragma clang diagnostic ignored "-Wfixed-enum-extension"
      |                                    ^
1 warning generated.
clang++ -arch arm64 -std=gnu++17 -dynamiclib -Wl,-headerpad_max_install_names -undefined dynamic_lookup -L/Library/Frameworks/R.framework/Resources/lib -L/opt/R/arm64/lib -o ClassicHCAS.so Benchmark.o Normalise.o Radial.o RcppExports.o Reference.o Tiling.o /opt/homebrew/opt/libomp/lib/libomp.dylib -F/Library/Frameworks/R.framework/.. -framework R
installing to /Users/val085/Documents/HCAS/Software/ClassicHCAS/ClassicHCAS.Rcheck/00LOCK-ClassicHCAS/00new/ClassicHCAS/libs
** R
** inst
** byte-compile and prepare package for lazy loading
** help
*** installing help indices
** building package indices
** installing vignettes
** testing if installed package can be loaded from temporary location
** checking absolute paths in shared objects and dynamic libraries
** testing if installed package can be loaded from final location
** testing if installed package keeps a record of temporary installation path
* DONE (ClassicHCAS)
